app/build/outputs/apk/manifest-merger-debug-report.txt
-- Merging decision tree log ---
manifest
ADDED from AndroidManifest.xml:2:1
	xmlns:android
		ADDED from AndroidManifest.xml:2:11
	package
		ADDED from AndroidManifest.xml:3:5
		INJECTED from AndroidManifest.xml:0:0
		INJECTED from AndroidManifest.xml:0:0
	android:versionName
		ADDED from AndroidManifest.xml:5:5
		INJECTED from AndroidManifest.xml:0:0
		INJECTED from AndroidManifest.xml:0:0
	android:versionCode
		ADDED from AndroidManifest.xml:4:5
		INJECTED from AndroidManifest.xml:0:0
		INJECTED from AndroidManifest.xml:0:0
application
ADDED from AndroidManifest.xml:7:5
	android:label
		ADDED from AndroidManifest.xml:7:18
activity#com.ddsnowboard.tShirtPicker.MainActivity
ADDED from AndroidManifest.xml:8:9
	android:label
		ADDED from AndroidManifest.xml:10:13
	android:name
		ADDED from AndroidManifest.xml:9:13
intent-filter#android.intent.action.MAIN+android.intent.category.LAUNCHER
ADDED from AndroidManifest.xml:11:13
action#android.intent.action.MAIN
ADDED from AndroidManifest.xml:12:17
	android:name
		ADDED from AndroidManifest.xml:12:25
category#android.intent.category.LAUNCHER
ADDED from AndroidManifest.xml:13:17
	android:name
		ADDED from AndroidManifest.xml:13:27
activity#com.ddsnowboard.tShirtPicker.AddShirt
ADDED from AndroidManifest.xml:16:9
	android:label
		ADDED from AndroidManifest.xml:18:13
	android:enabled
		ADDED from AndroidManifest.xml:19:13
	android:name
		ADDED from AndroidManifest.xml:17:13
uses-sdk
INJECTED from AndroidManifest.xml:0:0 reason: use-sdk injection requested
	android:targetSdkVersion
		INJECTED from AndroidManifest.xml:0:0
		INJECTED from AndroidManifest.xml:0:0
	android:minSdkVersion
		INJECTED from AndroidManifest.xml:0:0
		INJECTED from AndroidManifest.xml:0:0